2024-08-08 13:25:07,450 DEBUG    root            Loaded Command Group: ['gcloud', 'components']
2024-08-08 13:25:07,453 DEBUG    root            Loaded Command Group: ['gcloud', 'components', 'update']
2024-08-08 13:25:07,455 DEBUG    root            Running [gcloud.components.update] with arguments: [--quiet: "True", COMPONENT-IDS:8: "['gcloud', 'core', 'bq', 'gsutil', 'compute', 'preview', 'alpha', 'beta']"]
2024-08-08 13:25:07,456 INFO     ___FILE_ONLY___ Beginning update. This process may take several minutes.

2024-08-08 13:25:07,467 DEBUG    urllib3.connectionpool Starting new HTTPS connection (1): dl.google.com:443
2024-08-08 13:25:07,536 DEBUG    urllib3.connectionpool https://dl.google.com:443 "GET /dl/cloudsdk/channels/rapid/components-2.json HTTP/1.1" 200 223380
2024-08-08 13:25:07,553 WARNING  root            Component [preview] no longer exists.
2024-08-08 13:25:07,553 WARNING  root            Component [compute] no longer exists.
2024-08-08 13:25:07,554 INFO     ___FILE_ONLY___ 

2024-08-08 13:25:07,554 INFO     ___FILE_ONLY___ 
Your current Google Cloud CLI version is: 487.0.0

2024-08-08 13:25:07,554 INFO     ___FILE_ONLY___ Installing components from version: 487.0.0

2024-08-08 13:25:07,554 INFO     ___FILE_ONLY___ 

2024-08-08 13:25:07,555 DEBUG    root            Chosen display Format:table[box,title="These components will be removed."](details.display_name:label=Name:align=left,version.version_string:label=Version:align=right,data.size.size(zero="",min=1048576):label=Size:align=right)
2024-08-08 13:25:07,555 DEBUG    root            Chosen display Format:table[box,title="These components will be updated."](details.display_name:label=Name:align=left,version.version_string:label=Version:align=right,data.size.size(zero="",min=1048576):label=Size:align=right)
2024-08-08 13:25:07,556 DEBUG    root            Chosen display Format:table[box,title="These components will be installed."](details.display_name:label=Name:align=left,version.version_string:label=Version:align=right,data.size.size(zero="",min=1048576):label=Size:align=right)
2024-08-08 13:25:07,573 INFO     ___FILE_ONLY___ ┌──────────────────────────────────────────────┐
2024-08-08 13:25:07,574 INFO     ___FILE_ONLY___ 

2024-08-08 13:25:07,574 INFO     ___FILE_ONLY___ │     These components will be installed.      │
2024-08-08 13:25:07,574 INFO     ___FILE_ONLY___ 

2024-08-08 13:25:07,574 INFO     ___FILE_ONLY___ ├───────────────────────┬────────────┬─────────┤
2024-08-08 13:25:07,574 INFO     ___FILE_ONLY___ 

2024-08-08 13:25:07,574 INFO     ___FILE_ONLY___ │          Name         │  Version   │   Size  │
2024-08-08 13:25:07,574 INFO     ___FILE_ONLY___ 

2024-08-08 13:25:07,574 INFO     ___FILE_ONLY___ ├───────────────────────┼────────────┼─────────┤
2024-08-08 13:25:07,574 INFO     ___FILE_ONLY___ 

2024-08-08 13:25:07,574 INFO     ___FILE_ONLY___ │ 
2024-08-08 13:25:07,574 INFO     ___FILE_ONLY___ gcloud Alpha Commands
2024-08-08 13:25:07,574 INFO     ___FILE_ONLY___  
2024-08-08 13:25:07,575 INFO     ___FILE_ONLY___ │ 
2024-08-08 13:25:07,575 INFO     ___FILE_ONLY___ 2024.08.06
2024-08-08 13:25:07,575 INFO     ___FILE_ONLY___  
2024-08-08 13:25:07,575 INFO     ___FILE_ONLY___ │ 
2024-08-08 13:25:07,575 INFO     ___FILE_ONLY___ < 1 MiB
2024-08-08 13:25:07,575 INFO     ___FILE_ONLY___  
2024-08-08 13:25:07,575 INFO     ___FILE_ONLY___ │
2024-08-08 13:25:07,575 INFO     ___FILE_ONLY___ 

2024-08-08 13:25:07,575 INFO     ___FILE_ONLY___ │ 
2024-08-08 13:25:07,575 INFO     ___FILE_ONLY___ gcloud Beta Commands 
2024-08-08 13:25:07,575 INFO     ___FILE_ONLY___  
2024-08-08 13:25:07,575 INFO     ___FILE_ONLY___ │ 
2024-08-08 13:25:07,575 INFO     ___FILE_ONLY___ 2024.08.06
2024-08-08 13:25:07,575 INFO     ___FILE_ONLY___  
2024-08-08 13:25:07,575 INFO     ___FILE_ONLY___ │ 
2024-08-08 13:25:07,575 INFO     ___FILE_ONLY___ < 1 MiB
2024-08-08 13:25:07,576 INFO     ___FILE_ONLY___  
2024-08-08 13:25:07,576 INFO     ___FILE_ONLY___ │
2024-08-08 13:25:07,576 INFO     ___FILE_ONLY___ 

2024-08-08 13:25:07,576 INFO     ___FILE_ONLY___ └───────────────────────┴────────────┴─────────┘
2024-08-08 13:25:07,576 INFO     ___FILE_ONLY___ 

2024-08-08 13:25:07,576 INFO     ___FILE_ONLY___ 

2024-08-08 13:25:07,579 DEBUG    urllib3.connectionpool Starting new HTTPS connection (1): dl.google.com:443
2024-08-08 13:25:07,647 DEBUG    urllib3.connectionpool https://dl.google.com:443 "GET /dl/cloudsdk/channels/rapid/RELEASE_NOTES HTTP/1.1" 200 1252673
2024-08-08 13:25:07,683 INFO     ___FILE_ONLY___ For the latest full release notes, please visit:
  https://cloud.google.com/sdk/release_notes


2024-08-08 13:25:07,684 INFO     ___FILE_ONLY___ Performing in place update...


2024-08-08 13:25:07,686 INFO     ___FILE_ONLY___ ╔════════════════════════════════════════════════════════════╗

2024-08-08 13:25:07,686 INFO     ___FILE_ONLY___ ╠═ Downloading: gcloud Alpha Commands                       ═╣

2024-08-08 13:25:07,686 INFO     ___FILE_ONLY___ ╚
2024-08-08 13:25:07,689 DEBUG    urllib3.connectionpool Starting new HTTPS connection (1): dl.google.com:443
2024-08-08 13:25:07,752 DEBUG    urllib3.connectionpool https://dl.google.com:443 "GET /dl/cloudsdk/channels/rapid/components/google-cloud-sdk-alpha-20240806142304.tar.gz HTTP/1.1" 200 800
2024-08-08 13:25:07,753 INFO     ___FILE_ONLY___ ════════════════════════════════════════════════════════════
2024-08-08 13:25:07,753 INFO     ___FILE_ONLY___ ╝

2024-08-08 13:25:07,755 INFO     ___FILE_ONLY___ ╔════════════════════════════════════════════════════════════╗

2024-08-08 13:25:07,755 INFO     ___FILE_ONLY___ ╠═ Downloading: gcloud Beta Commands                        ═╣

2024-08-08 13:25:07,755 INFO     ___FILE_ONLY___ ╚
2024-08-08 13:25:07,758 DEBUG    urllib3.connectionpool Starting new HTTPS connection (1): dl.google.com:443
2024-08-08 13:25:07,823 DEBUG    urllib3.connectionpool https://dl.google.com:443 "GET /dl/cloudsdk/channels/rapid/components/google-cloud-sdk-beta-20240806142304.tar.gz HTTP/1.1" 200 797
2024-08-08 13:25:07,823 INFO     ___FILE_ONLY___ ════════════════════════════════════════════════════════════
2024-08-08 13:25:07,824 INFO     ___FILE_ONLY___ ╝

2024-08-08 13:25:07,826 INFO     ___FILE_ONLY___ ╔════════════════════════════════════════════════════════════╗

2024-08-08 13:25:07,826 INFO     ___FILE_ONLY___ ╠═ Installing: gcloud Alpha Commands                        ═╣

2024-08-08 13:25:07,826 INFO     ___FILE_ONLY___ ╚
2024-08-08 13:25:07,827 INFO     ___FILE_ONLY___ ════════════════════════════════════════════════════════════
2024-08-08 13:25:07,827 INFO     ___FILE_ONLY___ ╝

2024-08-08 13:25:07,835 INFO     ___FILE_ONLY___ ╔════════════════════════════════════════════════════════════╗

2024-08-08 13:25:07,835 INFO     ___FILE_ONLY___ ╠═ Installing: gcloud Beta Commands                         ═╣

2024-08-08 13:25:07,835 INFO     ___FILE_ONLY___ ╚
2024-08-08 13:25:07,836 INFO     ___FILE_ONLY___ ════════════════════════════════════════════════════════════
2024-08-08 13:25:07,836 INFO     ___FILE_ONLY___ ╝

2024-08-08 13:25:07,844 DEBUG    root            Updating notification cache...
2024-08-08 13:25:07,844 INFO     ___FILE_ONLY___ 

2024-08-08 13:25:07,846 INFO     ___FILE_ONLY___ Performing post processing steps...
2024-08-08 13:25:07,846 DEBUG    root            Executing command: ['/tools/google-cloud-sdk/bin/gcloud', 'components', 'post-process']
2024-08-08 13:25:18,355 DEBUG    ___FILE_ONLY___ 
2024-08-08 13:25:18,355 DEBUG    ___FILE_ONLY___ 
2024-08-08 13:25:18,370 INFO     ___FILE_ONLY___ 
Update done!


2024-08-08 13:25:18,372 DEBUG    root            Chosen display Format:none
2024-08-08 13:25:18,373 INFO     root            Display format: "none"
