2024-08-08 13:24:47,892 DEBUG    root            Loaded Command Group: ['gcloud', 'components']
2024-08-08 13:24:47,896 DEBUG    root            Loaded Command Group: ['gcloud', 'components', 'update']
2024-08-08 13:24:47,898 DEBUG    root            Running [gcloud.components.update] with arguments: [--allow-no-backup: "True", --compile-python: "True", --quiet: "True", COMPONENT-IDS:6: "['core', 'gcloud-deps', 'bq', 'gcloud', 'gcloud-crc32c', 'gsutil']"]
2024-08-08 13:24:47,899 INFO     ___FILE_ONLY___ Beginning update. This process may take several minutes.

2024-08-08 13:24:47,934 DEBUG    urllib3.connectionpool Starting new HTTPS connection (1): dl.google.com:443
2024-08-08 13:24:48,008 DEBUG    urllib3.connectionpool https://dl.google.com:443 "GET /dl/cloudsdk/channels/rapid/components-2.json HTTP/1.1" 200 223380
2024-08-08 13:24:48,025 INFO     ___FILE_ONLY___ 

2024-08-08 13:24:48,025 INFO     ___FILE_ONLY___ 
Your current Google Cloud CLI version is: 487.0.0

2024-08-08 13:24:48,026 INFO     ___FILE_ONLY___ Installing components from version: 487.0.0

2024-08-08 13:24:48,026 INFO     ___FILE_ONLY___ 

2024-08-08 13:24:48,026 DEBUG    root            Chosen display Format:table[box,title="These components will be removed."](details.display_name:label=Name:align=left,version.version_string:label=Version:align=right,data.size.size(zero="",min=1048576):label=Size:align=right)
2024-08-08 13:24:48,027 DEBUG    root            Chosen display Format:table[box,title="These components will be updated."](details.display_name:label=Name:align=left,version.version_string:label=Version:align=right,data.size.size(zero="",min=1048576):label=Size:align=right)
2024-08-08 13:24:48,027 DEBUG    root            Chosen display Format:table[box,title="These components will be installed."](details.display_name:label=Name:align=left,version.version_string:label=Version:align=right,data.size.size(zero="",min=1048576):label=Size:align=right)
2024-08-08 13:24:48,070 INFO     ___FILE_ONLY___ ┌─────────────────────────────────────────────────────────────────────────────┐
2024-08-08 13:24:48,070 INFO     ___FILE_ONLY___ 

2024-08-08 13:24:48,070 INFO     ___FILE_ONLY___ │                     These components will be installed.                     │
2024-08-08 13:24:48,070 INFO     ___FILE_ONLY___ 

2024-08-08 13:24:48,070 INFO     ___FILE_ONLY___ ├─────────────────────────────────────────────────────┬────────────┬──────────┤
2024-08-08 13:24:48,070 INFO     ___FILE_ONLY___ 

2024-08-08 13:24:48,070 INFO     ___FILE_ONLY___ │                         Name                        │  Version   │   Size   │
2024-08-08 13:24:48,070 INFO     ___FILE_ONLY___ 

2024-08-08 13:24:48,070 INFO     ___FILE_ONLY___ ├─────────────────────────────────────────────────────┼────────────┼──────────┤
2024-08-08 13:24:48,071 INFO     ___FILE_ONLY___ 

2024-08-08 13:24:48,071 INFO     ___FILE_ONLY___ │ 
2024-08-08 13:24:48,071 INFO     ___FILE_ONLY___ BigQuery Command Line Tool                         
2024-08-08 13:24:48,071 INFO     ___FILE_ONLY___  
2024-08-08 13:24:48,071 INFO     ___FILE_ONLY___ │ 
2024-08-08 13:24:48,071 INFO     ___FILE_ONLY___      2.1.7
2024-08-08 13:24:48,071 INFO     ___FILE_ONLY___  
2024-08-08 13:24:48,071 INFO     ___FILE_ONLY___ │ 
2024-08-08 13:24:48,071 INFO     ___FILE_ONLY___  1.7 MiB
2024-08-08 13:24:48,071 INFO     ___FILE_ONLY___  
2024-08-08 13:24:48,071 INFO     ___FILE_ONLY___ │
2024-08-08 13:24:48,071 INFO     ___FILE_ONLY___ 

2024-08-08 13:24:48,071 INFO     ___FILE_ONLY___ │ 
2024-08-08 13:24:48,071 INFO     ___FILE_ONLY___ BigQuery Command Line Tool (Platform Specific)     
2024-08-08 13:24:48,071 INFO     ___FILE_ONLY___  
2024-08-08 13:24:48,071 INFO     ___FILE_ONLY___ │ 
2024-08-08 13:24:48,072 INFO     ___FILE_ONLY___    2.0.101
2024-08-08 13:24:48,072 INFO     ___FILE_ONLY___  
2024-08-08 13:24:48,072 INFO     ___FILE_ONLY___ │ 
2024-08-08 13:24:48,072 INFO     ___FILE_ONLY___  < 1 MiB
2024-08-08 13:24:48,072 INFO     ___FILE_ONLY___  
2024-08-08 13:24:48,072 INFO     ___FILE_ONLY___ │
2024-08-08 13:24:48,072 INFO     ___FILE_ONLY___ 

2024-08-08 13:24:48,072 INFO     ___FILE_ONLY___ │ 
2024-08-08 13:24:48,072 INFO     ___FILE_ONLY___ Bundled Python 3.11 (Platform Specific)            
2024-08-08 13:24:48,072 INFO     ___FILE_ONLY___  
2024-08-08 13:24:48,072 INFO     ___FILE_ONLY___ │ 
2024-08-08 13:24:48,072 INFO     ___FILE_ONLY___     3.11.9
2024-08-08 13:24:48,072 INFO     ___FILE_ONLY___  
2024-08-08 13:24:48,072 INFO     ___FILE_ONLY___ │ 
2024-08-08 13:24:48,072 INFO     ___FILE_ONLY___ 74.2 MiB
2024-08-08 13:24:48,072 INFO     ___FILE_ONLY___  
2024-08-08 13:24:48,073 INFO     ___FILE_ONLY___ │
2024-08-08 13:24:48,073 INFO     ___FILE_ONLY___ 

2024-08-08 13:24:48,073 INFO     ___FILE_ONLY___ │ 
2024-08-08 13:24:48,073 INFO     ___FILE_ONLY___ Cloud Storage Command Line Tool                    
2024-08-08 13:24:48,073 INFO     ___FILE_ONLY___  
2024-08-08 13:24:48,073 INFO     ___FILE_ONLY___ │ 
2024-08-08 13:24:48,073 INFO     ___FILE_ONLY___       5.30
2024-08-08 13:24:48,073 INFO     ___FILE_ONLY___  
2024-08-08 13:24:48,073 INFO     ___FILE_ONLY___ │ 
2024-08-08 13:24:48,073 INFO     ___FILE_ONLY___ 11.3 MiB
2024-08-08 13:24:48,073 INFO     ___FILE_ONLY___  
2024-08-08 13:24:48,073 INFO     ___FILE_ONLY___ │
2024-08-08 13:24:48,073 INFO     ___FILE_ONLY___ 

2024-08-08 13:24:48,073 INFO     ___FILE_ONLY___ │ 
2024-08-08 13:24:48,073 INFO     ___FILE_ONLY___ Cloud Storage Command Line Tool (Platform Specific)
2024-08-08 13:24:48,073 INFO     ___FILE_ONLY___  
2024-08-08 13:24:48,074 INFO     ___FILE_ONLY___ │ 
2024-08-08 13:24:48,074 INFO     ___FILE_ONLY___       5.27
2024-08-08 13:24:48,074 INFO     ___FILE_ONLY___  
2024-08-08 13:24:48,074 INFO     ___FILE_ONLY___ │ 
2024-08-08 13:24:48,074 INFO     ___FILE_ONLY___  < 1 MiB
2024-08-08 13:24:48,074 INFO     ___FILE_ONLY___  
2024-08-08 13:24:48,074 INFO     ___FILE_ONLY___ │
2024-08-08 13:24:48,074 INFO     ___FILE_ONLY___ 

2024-08-08 13:24:48,074 INFO     ___FILE_ONLY___ │ 
2024-08-08 13:24:48,074 INFO     ___FILE_ONLY___ Google Cloud CLI Core Libraries (Platform Specific)
2024-08-08 13:24:48,074 INFO     ___FILE_ONLY___  
2024-08-08 13:24:48,074 INFO     ___FILE_ONLY___ │ 
2024-08-08 13:24:48,074 INFO     ___FILE_ONLY___ 2024.01.06
2024-08-08 13:24:48,074 INFO     ___FILE_ONLY___  
2024-08-08 13:24:48,074 INFO     ___FILE_ONLY___ │ 
2024-08-08 13:24:48,074 INFO     ___FILE_ONLY___  < 1 MiB
2024-08-08 13:24:48,074 INFO     ___FILE_ONLY___  
2024-08-08 13:24:48,075 INFO     ___FILE_ONLY___ │
2024-08-08 13:24:48,075 INFO     ___FILE_ONLY___ 

2024-08-08 13:24:48,075 INFO     ___FILE_ONLY___ │ 
2024-08-08 13:24:48,075 INFO     ___FILE_ONLY___ Google Cloud CRC32C Hash Tool (Platform Specific)  
2024-08-08 13:24:48,075 INFO     ___FILE_ONLY___  
2024-08-08 13:24:48,075 INFO     ___FILE_ONLY___ │ 
2024-08-08 13:24:48,075 INFO     ___FILE_ONLY___      1.0.0
2024-08-08 13:24:48,075 INFO     ___FILE_ONLY___  
2024-08-08 13:24:48,075 INFO     ___FILE_ONLY___ │ 
2024-08-08 13:24:48,075 INFO     ___FILE_ONLY___  1.3 MiB
2024-08-08 13:24:48,075 INFO     ___FILE_ONLY___  
2024-08-08 13:24:48,075 INFO     ___FILE_ONLY___ │
2024-08-08 13:24:48,075 INFO     ___FILE_ONLY___ 

2024-08-08 13:24:48,075 INFO     ___FILE_ONLY___ │ 
2024-08-08 13:24:48,075 INFO     ___FILE_ONLY___ gcloud cli dependencies (Platform Specific)        
2024-08-08 13:24:48,075 INFO     ___FILE_ONLY___  
2024-08-08 13:24:48,076 INFO     ___FILE_ONLY___ │ 
2024-08-08 13:24:48,076 INFO     ___FILE_ONLY___ 2021.04.16
2024-08-08 13:24:48,076 INFO     ___FILE_ONLY___  
2024-08-08 13:24:48,076 INFO     ___FILE_ONLY___ │ 
2024-08-08 13:24:48,076 INFO     ___FILE_ONLY___  < 1 MiB
2024-08-08 13:24:48,076 INFO     ___FILE_ONLY___  
2024-08-08 13:24:48,076 INFO     ___FILE_ONLY___ │
2024-08-08 13:24:48,076 INFO     ___FILE_ONLY___ 

2024-08-08 13:24:48,076 INFO     ___FILE_ONLY___ └─────────────────────────────────────────────────────┴────────────┴──────────┘
2024-08-08 13:24:48,076 INFO     ___FILE_ONLY___ 

2024-08-08 13:24:48,076 INFO     ___FILE_ONLY___ 

2024-08-08 13:24:48,080 DEBUG    urllib3.connectionpool Starting new HTTPS connection (1): dl.google.com:443
2024-08-08 13:24:48,145 DEBUG    urllib3.connectionpool https://dl.google.com:443 "GET /dl/cloudsdk/channels/rapid/RELEASE_NOTES HTTP/1.1" 200 1252673
2024-08-08 13:24:48,178 INFO     ___FILE_ONLY___ For the latest full release notes, please visit:
  https://cloud.google.com/sdk/release_notes


2024-08-08 13:24:48,179 INFO     ___FILE_ONLY___ Performing in place update...


2024-08-08 13:24:48,181 INFO     ___FILE_ONLY___ ╔════════════════════════════════════════════════════════════╗

2024-08-08 13:24:48,181 INFO     ___FILE_ONLY___ ╠═ Downloading: BigQuery Command Line Tool                  ═╣

2024-08-08 13:24:48,181 INFO     ___FILE_ONLY___ ╚
2024-08-08 13:24:48,184 DEBUG    urllib3.connectionpool Starting new HTTPS connection (1): dl.google.com:443
2024-08-08 13:24:48,246 DEBUG    urllib3.connectionpool https://dl.google.com:443 "GET /dl/cloudsdk/channels/rapid/components/google-cloud-sdk-bq-20240712142834.tar.gz HTTP/1.1" 200 1808321
2024-08-08 13:24:48,259 INFO     ___FILE_ONLY___ ═
2024-08-08 13:24:48,260 INFO     ___FILE_ONLY___ ═
2024-08-08 13:24:48,260 INFO     ___FILE_ONLY___ ═
2024-08-08 13:24:48,260 INFO     ___FILE_ONLY___ ═
2024-08-08 13:24:48,260 INFO     ___FILE_ONLY___ ═
2024-08-08 13:24:48,260 INFO     ___FILE_ONLY___ ═
2024-08-08 13:24:48,260 INFO     ___FILE_ONLY___ ═
2024-08-08 13:24:48,261 INFO     ___FILE_ONLY___ ═
2024-08-08 13:24:48,261 INFO     ___FILE_ONLY___ ═
2024-08-08 13:24:48,261 INFO     ___FILE_ONLY___ ═
2024-08-08 13:24:48,261 INFO     ___FILE_ONLY___ ═
2024-08-08 13:24:48,261 INFO     ___FILE_ONLY___ ═
2024-08-08 13:24:48,261 INFO     ___FILE_ONLY___ ═
2024-08-08 13:24:48,261 INFO     ___FILE_ONLY___ ═
2024-08-08 13:24:48,262 INFO     ___FILE_ONLY___ ═
2024-08-08 13:24:48,262 INFO     ___FILE_ONLY___ ═
2024-08-08 13:24:48,262 INFO     ___FILE_ONLY___ ═
2024-08-08 13:24:48,262 INFO     ___FILE_ONLY___ ═
2024-08-08 13:24:48,262 INFO     ___FILE_ONLY___ ═
2024-08-08 13:24:48,262 INFO     ___FILE_ONLY___ ═
2024-08-08 13:24:48,262 INFO     ___FILE_ONLY___ ═
2024-08-08 13:24:48,262 INFO     ___FILE_ONLY___ ═
2024-08-08 13:24:48,263 INFO     ___FILE_ONLY___ ═
2024-08-08 13:24:48,263 INFO     ___FILE_ONLY___ ═
2024-08-08 13:24:48,263 INFO     ___FILE_ONLY___ ═
2024-08-08 13:24:48,263 INFO     ___FILE_ONLY___ ═
2024-08-08 13:24:48,263 INFO     ___FILE_ONLY___ ═
2024-08-08 13:24:48,263 INFO     ___FILE_ONLY___ ═
2024-08-08 13:24:48,263 INFO     ___FILE_ONLY___ ═
2024-08-08 13:24:48,263 INFO     ___FILE_ONLY___ ═
2024-08-08 13:24:48,263 INFO     ___FILE_ONLY___ ═
2024-08-08 13:24:48,263 INFO     ___FILE_ONLY___ ═
2024-08-08 13:24:48,264 INFO     ___FILE_ONLY___ ═
2024-08-08 13:24:48,264 INFO     ___FILE_ONLY___ ═
2024-08-08 13:24:48,264 INFO     ___FILE_ONLY___ ═
2024-08-08 13:24:48,264 INFO     ___FILE_ONLY___ ═
2024-08-08 13:24:48,264 INFO     ___FILE_ONLY___ ═
2024-08-08 13:24:48,264 INFO     ___FILE_ONLY___ ═
2024-08-08 13:24:48,264 INFO     ___FILE_ONLY___ ═
2024-08-08 13:24:48,264 INFO     ___FILE_ONLY___ ═
2024-08-08 13:24:48,264 INFO     ___FILE_ONLY___ ═
2024-08-08 13:24:48,265 INFO     ___FILE_ONLY___ ═
2024-08-08 13:24:48,265 INFO     ___FILE_ONLY___ ═
2024-08-08 13:24:48,265 INFO     ___FILE_ONLY___ ═
2024-08-08 13:24:48,265 INFO     ___FILE_ONLY___ ═
2024-08-08 13:24:48,265 INFO     ___FILE_ONLY___ ═
2024-08-08 13:24:48,265 INFO     ___FILE_ONLY___ ═
2024-08-08 13:24:48,265 INFO     ___FILE_ONLY___ ═
2024-08-08 13:24:48,265 INFO     ___FILE_ONLY___ ═
2024-08-08 13:24:48,265 INFO     ___FILE_ONLY___ ═
2024-08-08 13:24:48,265 INFO     ___FILE_ONLY___ ═
2024-08-08 13:24:48,266 INFO     ___FILE_ONLY___ ═
2024-08-08 13:24:48,266 INFO     ___FILE_ONLY___ ═
2024-08-08 13:24:48,266 INFO     ___FILE_ONLY___ ═
2024-08-08 13:24:48,266 INFO     ___FILE_ONLY___ ═
2024-08-08 13:24:48,266 INFO     ___FILE_ONLY___ ═
2024-08-08 13:24:48,266 INFO     ___FILE_ONLY___ ═
2024-08-08 13:24:48,266 INFO     ___FILE_ONLY___ ═
2024-08-08 13:24:48,266 INFO     ___FILE_ONLY___ ═
2024-08-08 13:24:48,266 INFO     ___FILE_ONLY___ ═
2024-08-08 13:24:48,266 INFO     ___FILE_ONLY___ ╝

2024-08-08 13:24:48,269 INFO     ___FILE_ONLY___ ╔════════════════════════════════════════════════════════════╗

2024-08-08 13:24:48,269 INFO     ___FILE_ONLY___ ╠═ Downloading: BigQuery Command Line Tool (Platform Spe... ═╣

2024-08-08 13:24:48,269 INFO     ___FILE_ONLY___ ╚
2024-08-08 13:24:48,272 DEBUG    urllib3.connectionpool Starting new HTTPS connection (1): dl.google.com:443
2024-08-08 13:24:48,332 DEBUG    urllib3.connectionpool https://dl.google.com:443 "GET /dl/cloudsdk/channels/rapid/components/google-cloud-sdk-bq-nix-20240106004423.tar.gz HTTP/1.1" 200 2026
2024-08-08 13:24:48,333 INFO     ___FILE_ONLY___ ════════════════════════════════════════════════════════════
2024-08-08 13:24:48,333 INFO     ___FILE_ONLY___ ╝

2024-08-08 13:24:48,335 INFO     ___FILE_ONLY___ ╔════════════════════════════════════════════════════════════╗

2024-08-08 13:24:48,336 INFO     ___FILE_ONLY___ ╠═ Downloading: Bundled Python 3.11                         ═╣

2024-08-08 13:24:48,336 INFO     ___FILE_ONLY___ ╚
2024-08-08 13:24:48,336 INFO     ___FILE_ONLY___ ════════════════════════════════════════════════════════════
2024-08-08 13:24:48,336 INFO     ___FILE_ONLY___ ╝

2024-08-08 13:24:48,338 INFO     ___FILE_ONLY___ ╔════════════════════════════════════════════════════════════╗

2024-08-08 13:24:48,338 INFO     ___FILE_ONLY___ ╠═ Downloading: Bundled Python 3.11 (Platform Specific)     ═╣

2024-08-08 13:24:48,338 INFO     ___FILE_ONLY___ ╚
2024-08-08 13:24:48,341 DEBUG    urllib3.connectionpool Starting new HTTPS connection (1): dl.google.com:443
2024-08-08 13:24:48,403 DEBUG    urllib3.connectionpool https://dl.google.com:443 "GET /dl/cloudsdk/channels/rapid/components/google-cloud-sdk-bundled-python3-unix-linux-x86_64-20240806142304.tar.gz HTTP/1.1" 200 77768547
2024-08-08 13:24:48,662 INFO     ___FILE_ONLY___ ═
2024-08-08 13:24:48,663 INFO     ___FILE_ONLY___ ═
2024-08-08 13:24:48,665 INFO     ___FILE_ONLY___ ═
2024-08-08 13:24:48,666 INFO     ___FILE_ONLY___ ═
2024-08-08 13:24:48,668 INFO     ___FILE_ONLY___ ═
2024-08-08 13:24:48,669 INFO     ___FILE_ONLY___ ═
2024-08-08 13:24:48,671 INFO     ___FILE_ONLY___ ═
2024-08-08 13:24:48,672 INFO     ___FILE_ONLY___ ═
2024-08-08 13:24:48,674 INFO     ___FILE_ONLY___ ═
2024-08-08 13:24:48,675 INFO     ___FILE_ONLY___ ═
2024-08-08 13:24:48,677 INFO     ___FILE_ONLY___ ═
2024-08-08 13:24:48,678 INFO     ___FILE_ONLY___ ═
2024-08-08 13:24:48,679 INFO     ___FILE_ONLY___ ═
2024-08-08 13:24:48,681 INFO     ___FILE_ONLY___ ═
2024-08-08 13:24:48,682 INFO     ___FILE_ONLY___ ═
2024-08-08 13:24:48,684 INFO     ___FILE_ONLY___ ═
2024-08-08 13:24:48,685 INFO     ___FILE_ONLY___ ═
2024-08-08 13:24:48,687 INFO     ___FILE_ONLY___ ═
2024-08-08 13:24:48,688 INFO     ___FILE_ONLY___ ═
2024-08-08 13:24:48,690 INFO     ___FILE_ONLY___ ═
2024-08-08 13:24:48,691 INFO     ___FILE_ONLY___ ═
2024-08-08 13:24:48,693 INFO     ___FILE_ONLY___ ═
2024-08-08 13:24:48,694 INFO     ___FILE_ONLY___ ═
2024-08-08 13:24:48,695 INFO     ___FILE_ONLY___ ═
2024-08-08 13:24:48,697 INFO     ___FILE_ONLY___ ═
2024-08-08 13:24:48,698 INFO     ___FILE_ONLY___ ═
2024-08-08 13:24:48,700 INFO     ___FILE_ONLY___ ═
2024-08-08 13:24:48,702 INFO     ___FILE_ONLY___ ═
2024-08-08 13:24:48,703 INFO     ___FILE_ONLY___ ═
2024-08-08 13:24:48,705 INFO     ___FILE_ONLY___ ═
2024-08-08 13:24:48,706 INFO     ___FILE_ONLY___ ═
2024-08-08 13:24:48,708 INFO     ___FILE_ONLY___ ═
2024-08-08 13:24:48,709 INFO     ___FILE_ONLY___ ═
2024-08-08 13:24:48,710 INFO     ___FILE_ONLY___ ═
2024-08-08 13:24:48,712 INFO     ___FILE_ONLY___ ═
2024-08-08 13:24:48,713 INFO     ___FILE_ONLY___ ═
2024-08-08 13:24:48,715 INFO     ___FILE_ONLY___ ═
2024-08-08 13:24:48,716 INFO     ___FILE_ONLY___ ═
2024-08-08 13:24:48,717 INFO     ___FILE_ONLY___ ═
2024-08-08 13:24:48,719 INFO     ___FILE_ONLY___ ═
2024-08-08 13:24:48,720 INFO     ___FILE_ONLY___ ═
2024-08-08 13:24:48,722 INFO     ___FILE_ONLY___ ═
2024-08-08 13:24:48,723 INFO     ___FILE_ONLY___ ═
2024-08-08 13:24:48,724 INFO     ___FILE_ONLY___ ═
2024-08-08 13:24:48,726 INFO     ___FILE_ONLY___ ═
2024-08-08 13:24:48,727 INFO     ___FILE_ONLY___ ═
2024-08-08 13:24:48,728 INFO     ___FILE_ONLY___ ═
2024-08-08 13:24:48,730 INFO     ___FILE_ONLY___ ═
2024-08-08 13:24:48,731 INFO     ___FILE_ONLY___ ═
2024-08-08 13:24:48,733 INFO     ___FILE_ONLY___ ═
2024-08-08 13:24:48,734 INFO     ___FILE_ONLY___ ═
2024-08-08 13:24:48,735 INFO     ___FILE_ONLY___ ═
2024-08-08 13:24:48,737 INFO     ___FILE_ONLY___ ═
2024-08-08 13:24:48,738 INFO     ___FILE_ONLY___ ═
2024-08-08 13:24:48,740 INFO     ___FILE_ONLY___ ═
2024-08-08 13:24:48,741 INFO     ___FILE_ONLY___ ═
2024-08-08 13:24:48,743 INFO     ___FILE_ONLY___ ═
2024-08-08 13:24:48,744 INFO     ___FILE_ONLY___ ═
2024-08-08 13:24:48,746 INFO     ___FILE_ONLY___ ═
2024-08-08 13:24:48,747 INFO     ___FILE_ONLY___ ═
2024-08-08 13:24:48,747 INFO     ___FILE_ONLY___ ╝

2024-08-08 13:24:48,750 INFO     ___FILE_ONLY___ ╔════════════════════════════════════════════════════════════╗

2024-08-08 13:24:48,750 INFO     ___FILE_ONLY___ ╠═ Downloading: Cloud Storage Command Line Tool             ═╣

2024-08-08 13:24:48,750 INFO     ___FILE_ONLY___ ╚
2024-08-08 13:24:48,759 DEBUG    urllib3.connectionpool Starting new HTTPS connection (1): dl.google.com:443
2024-08-08 13:24:48,826 DEBUG    urllib3.connectionpool https://dl.google.com:443 "GET /dl/cloudsdk/channels/rapid/components/google-cloud-sdk-gsutil-20240614142823.tar.gz HTTP/1.1" 200 11883175
2024-08-08 13:24:48,863 INFO     ___FILE_ONLY___ ═
2024-08-08 13:24:48,864 INFO     ___FILE_ONLY___ ═
2024-08-08 13:24:48,864 INFO     ___FILE_ONLY___ ═
2024-08-08 13:24:48,865 INFO     ___FILE_ONLY___ ═
2024-08-08 13:24:48,865 INFO     ___FILE_ONLY___ ═
2024-08-08 13:24:48,865 INFO     ___FILE_ONLY___ ═
2024-08-08 13:24:48,866 INFO     ___FILE_ONLY___ ═
2024-08-08 13:24:48,866 INFO     ___FILE_ONLY___ ═
2024-08-08 13:24:48,867 INFO     ___FILE_ONLY___ ═
2024-08-08 13:24:48,867 INFO     ___FILE_ONLY___ ═
2024-08-08 13:24:48,867 INFO     ___FILE_ONLY___ ═
2024-08-08 13:24:48,868 INFO     ___FILE_ONLY___ ═
2024-08-08 13:24:48,868 INFO     ___FILE_ONLY___ ═
2024-08-08 13:24:48,868 INFO     ___FILE_ONLY___ ═
2024-08-08 13:24:48,869 INFO     ___FILE_ONLY___ ═
2024-08-08 13:24:48,869 INFO     ___FILE_ONLY___ ═
2024-08-08 13:24:48,869 INFO     ___FILE_ONLY___ ═
2024-08-08 13:24:48,870 INFO     ___FILE_ONLY___ ═
2024-08-08 13:24:48,870 INFO     ___FILE_ONLY___ ═
2024-08-08 13:24:48,870 INFO     ___FILE_ONLY___ ═
2024-08-08 13:24:48,871 INFO     ___FILE_ONLY___ ═
2024-08-08 13:24:48,871 INFO     ___FILE_ONLY___ ═
2024-08-08 13:24:48,872 INFO     ___FILE_ONLY___ ═
2024-08-08 13:24:48,872 INFO     ___FILE_ONLY___ ═
2024-08-08 13:24:48,872 INFO     ___FILE_ONLY___ ═
2024-08-08 13:24:48,873 INFO     ___FILE_ONLY___ ═
2024-08-08 13:24:48,873 INFO     ___FILE_ONLY___ ═
2024-08-08 13:24:48,873 INFO     ___FILE_ONLY___ ═
2024-08-08 13:24:48,874 INFO     ___FILE_ONLY___ ═
2024-08-08 13:24:48,874 INFO     ___FILE_ONLY___ ═
2024-08-08 13:24:48,874 INFO     ___FILE_ONLY___ ═
2024-08-08 13:24:48,875 INFO     ___FILE_ONLY___ ═
2024-08-08 13:24:48,875 INFO     ___FILE_ONLY___ ═
2024-08-08 13:24:48,875 INFO     ___FILE_ONLY___ ═
2024-08-08 13:24:48,876 INFO     ___FILE_ONLY___ ═
2024-08-08 13:24:48,876 INFO     ___FILE_ONLY___ ═
2024-08-08 13:24:48,876 INFO     ___FILE_ONLY___ ═
2024-08-08 13:24:48,877 INFO     ___FILE_ONLY___ ═
2024-08-08 13:24:48,877 INFO     ___FILE_ONLY___ ═
2024-08-08 13:24:48,877 INFO     ___FILE_ONLY___ ═
2024-08-08 13:24:48,878 INFO     ___FILE_ONLY___ ═
2024-08-08 13:24:48,878 INFO     ___FILE_ONLY___ ═
2024-08-08 13:24:48,878 INFO     ___FILE_ONLY___ ═
2024-08-08 13:24:48,879 INFO     ___FILE_ONLY___ ═
2024-08-08 13:24:48,879 INFO     ___FILE_ONLY___ ═
2024-08-08 13:24:48,879 INFO     ___FILE_ONLY___ ═
2024-08-08 13:24:48,880 INFO     ___FILE_ONLY___ ═
2024-08-08 13:24:48,880 INFO     ___FILE_ONLY___ ═
2024-08-08 13:24:48,881 INFO     ___FILE_ONLY___ ═
2024-08-08 13:24:48,881 INFO     ___FILE_ONLY___ ═
2024-08-08 13:24:48,881 INFO     ___FILE_ONLY___ ═
2024-08-08 13:24:48,882 INFO     ___FILE_ONLY___ ═
2024-08-08 13:24:48,882 INFO     ___FILE_ONLY___ ═
2024-08-08 13:24:48,882 INFO     ___FILE_ONLY___ ═
2024-08-08 13:24:48,883 INFO     ___FILE_ONLY___ ═
2024-08-08 13:24:48,883 INFO     ___FILE_ONLY___ ═
2024-08-08 13:24:48,883 INFO     ___FILE_ONLY___ ═
2024-08-08 13:24:48,884 INFO     ___FILE_ONLY___ ═
2024-08-08 13:24:48,884 INFO     ___FILE_ONLY___ ═
2024-08-08 13:24:48,884 INFO     ___FILE_ONLY___ ═
2024-08-08 13:24:48,884 INFO     ___FILE_ONLY___ ╝

2024-08-08 13:24:48,887 INFO     ___FILE_ONLY___ ╔════════════════════════════════════════════════════════════╗

2024-08-08 13:24:48,887 INFO     ___FILE_ONLY___ ╠═ Downloading: Cloud Storage Command Line Tool (Platfor... ═╣

2024-08-08 13:24:48,887 INFO     ___FILE_ONLY___ ╚
2024-08-08 13:24:48,891 DEBUG    urllib3.connectionpool Starting new HTTPS connection (1): dl.google.com:443
2024-08-08 13:24:48,959 DEBUG    urllib3.connectionpool https://dl.google.com:443 "GET /dl/cloudsdk/channels/rapid/components/google-cloud-sdk-gsutil-nix-20240106004423.tar.gz HTTP/1.1" 200 2042
2024-08-08 13:24:48,960 INFO     ___FILE_ONLY___ ════════════════════════════════════════════════════════════
2024-08-08 13:24:48,960 INFO     ___FILE_ONLY___ ╝

2024-08-08 13:24:48,962 INFO     ___FILE_ONLY___ ╔════════════════════════════════════════════════════════════╗

2024-08-08 13:24:48,962 INFO     ___FILE_ONLY___ ╠═ Downloading: Default set of gcloud commands              ═╣

2024-08-08 13:24:48,962 INFO     ___FILE_ONLY___ ╚
2024-08-08 13:24:48,962 INFO     ___FILE_ONLY___ ════════════════════════════════════════════════════════════
2024-08-08 13:24:48,962 INFO     ___FILE_ONLY___ ╝

2024-08-08 13:24:48,964 INFO     ___FILE_ONLY___ ╔════════════════════════════════════════════════════════════╗

2024-08-08 13:24:48,964 INFO     ___FILE_ONLY___ ╠═ Downloading: Google Cloud CLI Core Libraries (Platfor... ═╣

2024-08-08 13:24:48,964 INFO     ___FILE_ONLY___ ╚
2024-08-08 13:24:48,968 DEBUG    urllib3.connectionpool Starting new HTTPS connection (1): dl.google.com:443
2024-08-08 13:24:49,029 DEBUG    urllib3.connectionpool https://dl.google.com:443 "GET /dl/cloudsdk/channels/rapid/components/google-cloud-sdk-core-nix-20240106004423.tar.gz HTTP/1.1" 200 2410
2024-08-08 13:24:49,030 INFO     ___FILE_ONLY___ ════════════════════════════════════════════════════════════
2024-08-08 13:24:49,030 INFO     ___FILE_ONLY___ ╝

2024-08-08 13:24:49,032 INFO     ___FILE_ONLY___ ╔════════════════════════════════════════════════════════════╗

2024-08-08 13:24:49,032 INFO     ___FILE_ONLY___ ╠═ Downloading: Google Cloud CRC32C Hash Tool               ═╣

2024-08-08 13:24:49,032 INFO     ___FILE_ONLY___ ╚
2024-08-08 13:24:49,033 INFO     ___FILE_ONLY___ ════════════════════════════════════════════════════════════
2024-08-08 13:24:49,033 INFO     ___FILE_ONLY___ ╝

2024-08-08 13:24:49,035 INFO     ___FILE_ONLY___ ╔════════════════════════════════════════════════════════════╗

2024-08-08 13:24:49,035 INFO     ___FILE_ONLY___ ╠═ Downloading: Google Cloud CRC32C Hash Tool (Platform ... ═╣

2024-08-08 13:24:49,035 INFO     ___FILE_ONLY___ ╚
2024-08-08 13:24:49,038 DEBUG    urllib3.connectionpool Starting new HTTPS connection (1): dl.google.com:443
2024-08-08 13:24:49,105 DEBUG    urllib3.connectionpool https://dl.google.com:443 "GET /dl/cloudsdk/channels/rapid/components/google-cloud-sdk-gcloud-crc32c-linux-x86_64-20240712142834.tar.gz HTTP/1.1" 200 1350263
2024-08-08 13:24:49,116 INFO     ___FILE_ONLY___ ═
2024-08-08 13:24:49,116 INFO     ___FILE_ONLY___ ═
2024-08-08 13:24:49,116 INFO     ___FILE_ONLY___ ═
2024-08-08 13:24:49,116 INFO     ___FILE_ONLY___ ═
2024-08-08 13:24:49,116 INFO     ___FILE_ONLY___ ═
2024-08-08 13:24:49,116 INFO     ___FILE_ONLY___ ═
2024-08-08 13:24:49,116 INFO     ___FILE_ONLY___ ═
2024-08-08 13:24:49,117 INFO     ___FILE_ONLY___ ═
2024-08-08 13:24:49,117 INFO     ___FILE_ONLY___ ═
2024-08-08 13:24:49,117 INFO     ___FILE_ONLY___ ═
2024-08-08 13:24:49,117 INFO     ___FILE_ONLY___ ═
2024-08-08 13:24:49,117 INFO     ___FILE_ONLY___ ═
2024-08-08 13:24:49,117 INFO     ___FILE_ONLY___ ═
2024-08-08 13:24:49,117 INFO     ___FILE_ONLY___ ═
2024-08-08 13:24:49,118 INFO     ___FILE_ONLY___ ═
2024-08-08 13:24:49,118 INFO     ___FILE_ONLY___ ═
2024-08-08 13:24:49,118 INFO     ___FILE_ONLY___ ═
2024-08-08 13:24:49,118 INFO     ___FILE_ONLY___ ═
2024-08-08 13:24:49,118 INFO     ___FILE_ONLY___ ═
2024-08-08 13:24:49,118 INFO     ___FILE_ONLY___ ═
2024-08-08 13:24:49,118 INFO     ___FILE_ONLY___ ═
2024-08-08 13:24:49,119 INFO     ___FILE_ONLY___ ═
2024-08-08 13:24:49,119 INFO     ___FILE_ONLY___ ═
2024-08-08 13:24:49,119 INFO     ___FILE_ONLY___ ═
2024-08-08 13:24:49,119 INFO     ___FILE_ONLY___ ═
2024-08-08 13:24:49,119 INFO     ___FILE_ONLY___ ═
2024-08-08 13:24:49,119 INFO     ___FILE_ONLY___ ═
2024-08-08 13:24:49,119 INFO     ___FILE_ONLY___ ═
2024-08-08 13:24:49,120 INFO     ___FILE_ONLY___ ═
2024-08-08 13:24:49,120 INFO     ___FILE_ONLY___ ═
2024-08-08 13:24:49,120 INFO     ___FILE_ONLY___ ═
2024-08-08 13:24:49,120 INFO     ___FILE_ONLY___ ═
2024-08-08 13:24:49,120 INFO     ___FILE_ONLY___ ═
2024-08-08 13:24:49,120 INFO     ___FILE_ONLY___ ═
2024-08-08 13:24:49,120 INFO     ___FILE_ONLY___ ═
2024-08-08 13:24:49,121 INFO     ___FILE_ONLY___ ═
2024-08-08 13:24:49,121 INFO     ___FILE_ONLY___ ═
2024-08-08 13:24:49,121 INFO     ___FILE_ONLY___ ═
2024-08-08 13:24:49,121 INFO     ___FILE_ONLY___ ═
2024-08-08 13:24:49,121 INFO     ___FILE_ONLY___ ═
2024-08-08 13:24:49,121 INFO     ___FILE_ONLY___ ═
2024-08-08 13:24:49,121 INFO     ___FILE_ONLY___ ═
2024-08-08 13:24:49,121 INFO     ___FILE_ONLY___ ═
2024-08-08 13:24:49,122 INFO     ___FILE_ONLY___ ═
2024-08-08 13:24:49,122 INFO     ___FILE_ONLY___ ═
2024-08-08 13:24:49,122 INFO     ___FILE_ONLY___ ═
2024-08-08 13:24:49,122 INFO     ___FILE_ONLY___ ═
2024-08-08 13:24:49,122 INFO     ___FILE_ONLY___ ═
2024-08-08 13:24:49,122 INFO     ___FILE_ONLY___ ═
2024-08-08 13:24:49,122 INFO     ___FILE_ONLY___ ═
2024-08-08 13:24:49,123 INFO     ___FILE_ONLY___ ═
2024-08-08 13:24:49,123 INFO     ___FILE_ONLY___ ═
2024-08-08 13:24:49,123 INFO     ___FILE_ONLY___ ═
2024-08-08 13:24:49,123 INFO     ___FILE_ONLY___ ═
2024-08-08 13:24:49,123 INFO     ___FILE_ONLY___ ═
2024-08-08 13:24:49,123 INFO     ___FILE_ONLY___ ═
2024-08-08 13:24:49,123 INFO     ___FILE_ONLY___ ═
2024-08-08 13:24:49,124 INFO     ___FILE_ONLY___ ═
2024-08-08 13:24:49,124 INFO     ___FILE_ONLY___ ═
2024-08-08 13:24:49,124 INFO     ___FILE_ONLY___ ═
2024-08-08 13:24:49,124 INFO     ___FILE_ONLY___ ╝

2024-08-08 13:24:49,126 INFO     ___FILE_ONLY___ ╔════════════════════════════════════════════════════════════╗

2024-08-08 13:24:49,126 INFO     ___FILE_ONLY___ ╠═ Downloading: gcloud cli dependencies (Platform Specific) ═╣

2024-08-08 13:24:49,126 INFO     ___FILE_ONLY___ ╚
2024-08-08 13:24:49,130 DEBUG    urllib3.connectionpool Starting new HTTPS connection (1): dl.google.com:443
2024-08-08 13:24:49,193 DEBUG    urllib3.connectionpool https://dl.google.com:443 "GET /dl/cloudsdk/channels/rapid/components/google-cloud-sdk-gcloud-deps-linux-x86_64-20210416153011.tar.gz HTTP/1.1" 200 104
2024-08-08 13:24:49,194 INFO     ___FILE_ONLY___ ════════════════════════════════════════════════════════════
2024-08-08 13:24:49,194 INFO     ___FILE_ONLY___ ╝

2024-08-08 13:24:49,196 INFO     ___FILE_ONLY___ ╔════════════════════════════════════════════════════════════╗

2024-08-08 13:24:49,197 INFO     ___FILE_ONLY___ ╠═ Installing: BigQuery Command Line Tool                   ═╣

2024-08-08 13:24:49,197 INFO     ___FILE_ONLY___ ╚
2024-08-08 13:24:49,320 INFO     ___FILE_ONLY___ ═
2024-08-08 13:24:49,323 INFO     ___FILE_ONLY___ ═
2024-08-08 13:24:49,326 INFO     ___FILE_ONLY___ ═
2024-08-08 13:24:49,329 INFO     ___FILE_ONLY___ ═
2024-08-08 13:24:49,332 INFO     ___FILE_ONLY___ ═
2024-08-08 13:24:49,334 INFO     ___FILE_ONLY___ ═
2024-08-08 13:24:49,337 INFO     ___FILE_ONLY___ ═
2024-08-08 13:24:49,339 INFO     ___FILE_ONLY___ ═
2024-08-08 13:24:49,342 INFO     ___FILE_ONLY___ ═
2024-08-08 13:24:49,344 INFO     ___FILE_ONLY___ ═
2024-08-08 13:24:49,346 INFO     ___FILE_ONLY___ ═
2024-08-08 13:24:49,348 INFO     ___FILE_ONLY___ ═
2024-08-08 13:24:49,350 INFO     ___FILE_ONLY___ ═
2024-08-08 13:24:49,353 INFO     ___FILE_ONLY___ ═
2024-08-08 13:24:49,355 INFO     ___FILE_ONLY___ ═
2024-08-08 13:24:49,357 INFO     ___FILE_ONLY___ ═
2024-08-08 13:24:49,359 INFO     ___FILE_ONLY___ ═
2024-08-08 13:24:49,363 INFO     ___FILE_ONLY___ ═
2024-08-08 13:24:49,365 INFO     ___FILE_ONLY___ ═
2024-08-08 13:24:49,367 INFO     ___FILE_ONLY___ ═
2024-08-08 13:24:49,370 INFO     ___FILE_ONLY___ ═
2024-08-08 13:24:49,372 INFO     ___FILE_ONLY___ ═
2024-08-08 13:24:49,373 INFO     ___FILE_ONLY___ ═
2024-08-08 13:24:49,376 INFO     ___FILE_ONLY___ ═
2024-08-08 13:24:49,378 INFO     ___FILE_ONLY___ ═
2024-08-08 13:24:49,380 INFO     ___FILE_ONLY___ ═
2024-08-08 13:24:49,382 INFO     ___FILE_ONLY___ ═
2024-08-08 13:24:49,387 INFO     ___FILE_ONLY___ ═
2024-08-08 13:24:49,388 INFO     ___FILE_ONLY___ ═
2024-08-08 13:24:49,390 INFO     ___FILE_ONLY___ ═
2024-08-08 13:24:49,393 INFO     ___FILE_ONLY___ ═
2024-08-08 13:24:49,395 INFO     ___FILE_ONLY___ ═
2024-08-08 13:24:49,398 INFO     ___FILE_ONLY___ ═
2024-08-08 13:24:49,402 INFO     ___FILE_ONLY___ ═
2024-08-08 13:24:49,410 INFO     ___FILE_ONLY___ ═
2024-08-08 13:24:49,412 INFO     ___FILE_ONLY___ ═
2024-08-08 13:24:49,414 INFO     ___FILE_ONLY___ ═
2024-08-08 13:24:49,419 INFO     ___FILE_ONLY___ ═
2024-08-08 13:24:49,422 INFO     ___FILE_ONLY___ ═
2024-08-08 13:24:49,424 INFO     ___FILE_ONLY___ ═
2024-08-08 13:24:49,426 INFO     ___FILE_ONLY___ ═
2024-08-08 13:24:49,430 INFO     ___FILE_ONLY___ ═
2024-08-08 13:24:49,433 INFO     ___FILE_ONLY___ ═
2024-08-08 13:24:49,436 INFO     ___FILE_ONLY___ ═
2024-08-08 13:24:49,437 INFO     ___FILE_ONLY___ ═
2024-08-08 13:24:49,440 INFO     ___FILE_ONLY___ ═
2024-08-08 13:24:49,442 INFO     ___FILE_ONLY___ ═
2024-08-08 13:24:49,444 INFO     ___FILE_ONLY___ ═
2024-08-08 13:24:49,447 INFO     ___FILE_ONLY___ ═
2024-08-08 13:24:49,449 INFO     ___FILE_ONLY___ ═
2024-08-08 13:24:49,451 INFO     ___FILE_ONLY___ ═
2024-08-08 13:24:49,453 INFO     ___FILE_ONLY___ ═
2024-08-08 13:24:49,455 INFO     ___FILE_ONLY___ ═
2024-08-08 13:24:49,457 INFO     ___FILE_ONLY___ ═
2024-08-08 13:24:49,459 INFO     ___FILE_ONLY___ ═
2024-08-08 13:24:49,461 INFO     ___FILE_ONLY___ ═
2024-08-08 13:24:49,463 INFO     ___FILE_ONLY___ ═
2024-08-08 13:24:49,465 INFO     ___FILE_ONLY___ ═
2024-08-08 13:24:49,467 INFO     ___FILE_ONLY___ ═
2024-08-08 13:24:49,470 INFO     ___FILE_ONLY___ ═
2024-08-08 13:24:49,470 INFO     ___FILE_ONLY___ ╝

2024-08-08 13:24:49,482 INFO     ___FILE_ONLY___ ╔════════════════════════════════════════════════════════════╗

2024-08-08 13:24:49,482 INFO     ___FILE_ONLY___ ╠═ Installing: BigQuery Command Line Tool (Platform Spec... ═╣

2024-08-08 13:24:49,482 INFO     ___FILE_ONLY___ ╚
2024-08-08 13:24:49,483 INFO     ___FILE_ONLY___ ════════════════════════════════════════════════════════════
2024-08-08 13:24:49,483 INFO     ___FILE_ONLY___ ╝

2024-08-08 13:24:49,490 INFO     ___FILE_ONLY___ ╔════════════════════════════════════════════════════════════╗

2024-08-08 13:24:49,490 INFO     ___FILE_ONLY___ ╠═ Installing: Bundled Python 3.11                          ═╣

2024-08-08 13:24:49,490 INFO     ___FILE_ONLY___ ╚
2024-08-08 13:24:49,494 INFO     ___FILE_ONLY___ ════════════════════════════════════════════════════════════
2024-08-08 13:24:49,494 INFO     ___FILE_ONLY___ ╝

2024-08-08 13:24:49,496 INFO     ___FILE_ONLY___ ╔════════════════════════════════════════════════════════════╗

2024-08-08 13:24:49,496 INFO     ___FILE_ONLY___ ╠═ Installing: Bundled Python 3.11 (Platform Specific)      ═╣

2024-08-08 13:24:49,496 INFO     ___FILE_ONLY___ ╚
2024-08-08 13:24:51,686 INFO     ___FILE_ONLY___ ═
2024-08-08 13:24:51,698 INFO     ___FILE_ONLY___ ═
2024-08-08 13:24:51,711 INFO     ___FILE_ONLY___ ═
2024-08-08 13:24:51,724 INFO     ___FILE_ONLY___ ═
2024-08-08 13:24:51,736 INFO     ___FILE_ONLY___ ═
2024-08-08 13:24:51,749 INFO     ___FILE_ONLY___ ═
2024-08-08 13:24:51,762 INFO     ___FILE_ONLY___ ═
2024-08-08 13:24:51,775 INFO     ___FILE_ONLY___ ═
2024-08-08 13:24:51,787 INFO     ___FILE_ONLY___ ═
2024-08-08 13:24:51,800 INFO     ___FILE_ONLY___ ═
2024-08-08 13:24:51,813 INFO     ___FILE_ONLY___ ═
2024-08-08 13:24:51,825 INFO     ___FILE_ONLY___ ═
2024-08-08 13:24:51,837 INFO     ___FILE_ONLY___ ═
2024-08-08 13:24:51,850 INFO     ___FILE_ONLY___ ═
2024-08-08 13:24:51,862 INFO     ___FILE_ONLY___ ═
2024-08-08 13:24:51,874 INFO     ___FILE_ONLY___ ═
2024-08-08 13:24:51,887 INFO     ___FILE_ONLY___ ═
2024-08-08 13:24:51,899 INFO     ___FILE_ONLY___ ═
2024-08-08 13:24:51,913 INFO     ___FILE_ONLY___ ═
2024-08-08 13:24:51,925 INFO     ___FILE_ONLY___ ═
2024-08-08 13:24:51,938 INFO     ___FILE_ONLY___ ═
2024-08-08 13:24:51,950 INFO     ___FILE_ONLY___ ═
2024-08-08 13:24:51,963 INFO     ___FILE_ONLY___ ═
2024-08-08 13:24:51,976 INFO     ___FILE_ONLY___ ═
2024-08-08 13:24:51,989 INFO     ___FILE_ONLY___ ═
2024-08-08 13:24:52,001 INFO     ___FILE_ONLY___ ═
2024-08-08 13:24:52,014 INFO     ___FILE_ONLY___ ═
2024-08-08 13:24:52,027 INFO     ___FILE_ONLY___ ═
2024-08-08 13:24:52,040 INFO     ___FILE_ONLY___ ═
2024-08-08 13:24:52,053 INFO     ___FILE_ONLY___ ═
2024-08-08 13:24:52,065 INFO     ___FILE_ONLY___ ═
2024-08-08 13:24:52,078 INFO     ___FILE_ONLY___ ═
2024-08-08 13:24:52,091 INFO     ___FILE_ONLY___ ═
2024-08-08 13:24:52,104 INFO     ___FILE_ONLY___ ═
2024-08-08 13:24:52,466 INFO     ___FILE_ONLY___ ═
2024-08-08 13:24:52,489 INFO     ___FILE_ONLY___ ═
2024-08-08 13:24:52,505 INFO     ___FILE_ONLY___ ═
2024-08-08 13:24:52,522 INFO     ___FILE_ONLY___ ═
2024-08-08 13:24:52,544 INFO     ___FILE_ONLY___ ═
2024-08-08 13:24:52,572 INFO     ___FILE_ONLY___ ═
2024-08-08 13:24:52,594 INFO     ___FILE_ONLY___ ═
2024-08-08 13:24:52,615 INFO     ___FILE_ONLY___ ═
2024-08-08 13:24:52,751 INFO     ___FILE_ONLY___ ═
2024-08-08 13:24:52,769 INFO     ___FILE_ONLY___ ═
2024-08-08 13:24:52,862 INFO     ___FILE_ONLY___ ═
2024-08-08 13:24:52,886 INFO     ___FILE_ONLY___ ═
2024-08-08 13:24:52,906 INFO     ___FILE_ONLY___ ═
2024-08-08 13:24:52,927 INFO     ___FILE_ONLY___ ═
2024-08-08 13:24:52,946 INFO     ___FILE_ONLY___ ═
2024-08-08 13:24:52,969 INFO     ___FILE_ONLY___ ═
2024-08-08 13:24:52,994 INFO     ___FILE_ONLY___ ═
2024-08-08 13:24:53,041 INFO     ___FILE_ONLY___ ═
2024-08-08 13:24:53,062 INFO     ___FILE_ONLY___ ═
2024-08-08 13:24:53,080 INFO     ___FILE_ONLY___ ═
2024-08-08 13:24:53,102 INFO     ___FILE_ONLY___ ═
2024-08-08 13:24:53,126 INFO     ___FILE_ONLY___ ═
2024-08-08 13:24:53,155 INFO     ___FILE_ONLY___ ═
2024-08-08 13:24:54,261 INFO     ___FILE_ONLY___ ═
2024-08-08 13:24:54,276 INFO     ___FILE_ONLY___ ═
2024-08-08 13:24:54,292 INFO     ___FILE_ONLY___ ═
2024-08-08 13:24:54,292 INFO     ___FILE_ONLY___ ╝

2024-08-08 13:24:54,368 INFO     ___FILE_ONLY___ ╔════════════════════════════════════════════════════════════╗

2024-08-08 13:24:54,368 INFO     ___FILE_ONLY___ ╠═ Installing: Cloud Storage Command Line Tool              ═╣

2024-08-08 13:24:54,368 INFO     ___FILE_ONLY___ ╚
2024-08-08 13:24:55,055 INFO     ___FILE_ONLY___ ═
2024-08-08 13:24:55,067 INFO     ___FILE_ONLY___ ═
2024-08-08 13:24:55,081 INFO     ___FILE_ONLY___ ═
2024-08-08 13:24:55,100 INFO     ___FILE_ONLY___ ═
2024-08-08 13:24:55,117 INFO     ___FILE_ONLY___ ═
2024-08-08 13:24:55,133 INFO     ___FILE_ONLY___ ═
2024-08-08 13:24:55,148 INFO     ___FILE_ONLY___ ═
2024-08-08 13:24:55,171 INFO     ___FILE_ONLY___ ═
2024-08-08 13:24:55,187 INFO     ___FILE_ONLY___ ═
2024-08-08 13:24:55,199 INFO     ___FILE_ONLY___ ═
2024-08-08 13:24:55,210 INFO     ___FILE_ONLY___ ═
2024-08-08 13:24:55,252 INFO     ___FILE_ONLY___ ═
2024-08-08 13:24:55,263 INFO     ___FILE_ONLY___ ═
2024-08-08 13:24:55,276 INFO     ___FILE_ONLY___ ═
2024-08-08 13:24:55,289 INFO     ___FILE_ONLY___ ═
2024-08-08 13:24:55,298 INFO     ___FILE_ONLY___ ═
2024-08-08 13:24:55,307 INFO     ___FILE_ONLY___ ═
2024-08-08 13:24:55,318 INFO     ___FILE_ONLY___ ═
2024-08-08 13:24:55,327 INFO     ___FILE_ONLY___ ═
2024-08-08 13:24:55,338 INFO     ___FILE_ONLY___ ═
2024-08-08 13:24:55,348 INFO     ___FILE_ONLY___ ═
2024-08-08 13:24:55,357 INFO     ___FILE_ONLY___ ═
2024-08-08 13:24:55,367 INFO     ___FILE_ONLY___ ═
2024-08-08 13:24:55,380 INFO     ___FILE_ONLY___ ═
2024-08-08 13:24:55,390 INFO     ___FILE_ONLY___ ═
2024-08-08 13:24:55,403 INFO     ___FILE_ONLY___ ═
2024-08-08 13:24:55,416 INFO     ___FILE_ONLY___ ═
2024-08-08 13:24:55,429 INFO     ___FILE_ONLY___ ═
2024-08-08 13:24:55,441 INFO     ___FILE_ONLY___ ═
2024-08-08 13:24:55,460 INFO     ___FILE_ONLY___ ═
2024-08-08 13:24:55,471 INFO     ___FILE_ONLY___ ═
2024-08-08 13:24:55,483 INFO     ___FILE_ONLY___ ═
2024-08-08 13:24:55,493 INFO     ___FILE_ONLY___ ═
2024-08-08 13:24:55,509 INFO     ___FILE_ONLY___ ═
2024-08-08 13:24:55,520 INFO     ___FILE_ONLY___ ═
2024-08-08 13:24:55,532 INFO     ___FILE_ONLY___ ═
2024-08-08 13:24:55,547 INFO     ___FILE_ONLY___ ═
2024-08-08 13:24:55,563 INFO     ___FILE_ONLY___ ═
2024-08-08 13:24:55,577 INFO     ___FILE_ONLY___ ═
2024-08-08 13:24:55,595 INFO     ___FILE_ONLY___ ═
2024-08-08 13:24:55,609 INFO     ___FILE_ONLY___ ═
2024-08-08 13:24:55,620 INFO     ___FILE_ONLY___ ═
2024-08-08 13:24:55,631 INFO     ___FILE_ONLY___ ═
2024-08-08 13:24:55,645 INFO     ___FILE_ONLY___ ═
2024-08-08 13:24:55,659 INFO     ___FILE_ONLY___ ═
2024-08-08 13:24:55,674 INFO     ___FILE_ONLY___ ═
2024-08-08 13:24:55,689 INFO     ___FILE_ONLY___ ═
2024-08-08 13:24:55,709 INFO     ___FILE_ONLY___ ═
2024-08-08 13:24:55,726 INFO     ___FILE_ONLY___ ═
2024-08-08 13:24:55,741 INFO     ___FILE_ONLY___ ═
2024-08-08 13:24:55,754 INFO     ___FILE_ONLY___ ═
2024-08-08 13:24:55,765 INFO     ___FILE_ONLY___ ═
2024-08-08 13:24:55,777 INFO     ___FILE_ONLY___ ═
2024-08-08 13:24:55,792 INFO     ___FILE_ONLY___ ═
2024-08-08 13:24:55,805 INFO     ___FILE_ONLY___ ═
2024-08-08 13:24:55,815 INFO     ___FILE_ONLY___ ═
2024-08-08 13:24:55,825 INFO     ___FILE_ONLY___ ═
2024-08-08 13:24:55,858 INFO     ___FILE_ONLY___ ═
2024-08-08 13:24:55,880 INFO     ___FILE_ONLY___ ═
2024-08-08 13:24:55,901 INFO     ___FILE_ONLY___ ═
2024-08-08 13:24:55,901 INFO     ___FILE_ONLY___ ╝

2024-08-08 13:24:55,956 INFO     ___FILE_ONLY___ ╔════════════════════════════════════════════════════════════╗

2024-08-08 13:24:55,956 INFO     ___FILE_ONLY___ ╠═ Installing: Cloud Storage Command Line Tool (Platform... ═╣

2024-08-08 13:24:55,957 INFO     ___FILE_ONLY___ ╚
2024-08-08 13:24:55,958 INFO     ___FILE_ONLY___ ════════════════════════════════════════════════════════════
2024-08-08 13:24:55,958 INFO     ___FILE_ONLY___ ╝

2024-08-08 13:24:55,965 INFO     ___FILE_ONLY___ ╔════════════════════════════════════════════════════════════╗

2024-08-08 13:24:55,965 INFO     ___FILE_ONLY___ ╠═ Installing: Default set of gcloud commands               ═╣

2024-08-08 13:24:55,965 INFO     ___FILE_ONLY___ ╚
2024-08-08 13:24:55,970 INFO     ___FILE_ONLY___ ════════════════════════════════════════════════════════════
2024-08-08 13:24:55,970 INFO     ___FILE_ONLY___ ╝

2024-08-08 13:24:55,972 INFO     ___FILE_ONLY___ ╔════════════════════════════════════════════════════════════╗

2024-08-08 13:24:55,972 INFO     ___FILE_ONLY___ ╠═ Installing: Google Cloud CLI Core Libraries (Platform... ═╣

2024-08-08 13:24:55,972 INFO     ___FILE_ONLY___ ╚
2024-08-08 13:24:55,973 INFO     ___FILE_ONLY___ ══════════════════════════════
2024-08-08 13:24:55,974 INFO     ___FILE_ONLY___ ══════════════════════════════
2024-08-08 13:24:55,974 INFO     ___FILE_ONLY___ ╝

2024-08-08 13:24:55,980 INFO     ___FILE_ONLY___ ╔════════════════════════════════════════════════════════════╗

2024-08-08 13:24:55,980 INFO     ___FILE_ONLY___ ╠═ Installing: Google Cloud CRC32C Hash Tool                ═╣

2024-08-08 13:24:55,980 INFO     ___FILE_ONLY___ ╚
2024-08-08 13:24:55,986 INFO     ___FILE_ONLY___ ════════════════════════════════════════════════════════════
2024-08-08 13:24:55,987 INFO     ___FILE_ONLY___ ╝

2024-08-08 13:24:55,989 INFO     ___FILE_ONLY___ ╔════════════════════════════════════════════════════════════╗

2024-08-08 13:24:55,989 INFO     ___FILE_ONLY___ ╠═ Installing: Google Cloud CRC32C Hash Tool (Platform S... ═╣

2024-08-08 13:24:55,989 INFO     ___FILE_ONLY___ ╚
2024-08-08 13:24:56,025 INFO     ___FILE_ONLY___ ══════════════════════════════
2024-08-08 13:24:56,025 INFO     ___FILE_ONLY___ ══════════════════════════════
2024-08-08 13:24:56,025 INFO     ___FILE_ONLY___ ╝

2024-08-08 13:24:56,032 INFO     ___FILE_ONLY___ ╔════════════════════════════════════════════════════════════╗

2024-08-08 13:24:56,032 INFO     ___FILE_ONLY___ ╠═ Installing: gcloud cli dependencies (Platform Specific)  ═╣

2024-08-08 13:24:56,032 INFO     ___FILE_ONLY___ ╚
2024-08-08 13:24:56,033 INFO     ___FILE_ONLY___ ════════════════════════════════════════════════════════════
2024-08-08 13:24:56,033 INFO     ___FILE_ONLY___ ╝

2024-08-08 13:24:56,042 DEBUG    root            Updating notification cache...
2024-08-08 13:24:56,042 INFO     ___FILE_ONLY___ 

2024-08-08 13:24:56,044 INFO     ___FILE_ONLY___ Performing post processing steps...
2024-08-08 13:24:56,045 DEBUG    root            Executing command: ['/tools/google-cloud-sdk/bin/gcloud', 'components', 'post-process']
2024-08-08 13:25:06,774 DEBUG    ___FILE_ONLY___ 
2024-08-08 13:25:06,774 DEBUG    ___FILE_ONLY___ 
2024-08-08 13:25:06,850 INFO     ___FILE_ONLY___ 
Update done!


2024-08-08 13:25:06,853 DEBUG    root            Chosen display Format:none
2024-08-08 13:25:06,853 INFO     root            Display format: "none"
